[debug] [2023-02-10T12:17:25.445Z] ----------------------------------------------------------------------
[debug] [2023-02-10T12:17:25.448Z] Command:       C:\Program Files\nodejs\node.exe C:\Users\Pravin\AppData\Roaming\npm\node_modules\firebase-tools\lib\bin\firebase.js init hosting
[debug] [2023-02-10T12:17:25.449Z] CLI Version:   11.22.0
[debug] [2023-02-10T12:17:25.449Z] Platform:      win32
[debug] [2023-02-10T12:17:25.449Z] Node Version:  v19.6.0
[debug] [2023-02-10T12:17:25.449Z] Time:          Fri Feb 10 2023 17:47:25 GMT+0530 (India Standard Time)
[debug] [2023-02-10T12:17:25.450Z] ----------------------------------------------------------------------
[debug] 
[debug] [2023-02-10T12:17:25.462Z] > command requires scopes: ["email","openid","https://www.googleapis.com/auth/cloudplatformprojects.readonly","https://www.googleapis.com/auth/firebase","https://www.googleapis.com/auth/cloud-platform"]
[debug] [2023-02-10T12:17:25.463Z] > authorizing via signed-in user (pranayzalke077@gmail.com)
[info] 
     ######## #### ########  ######## ########     ###     ######  ########
     ##        ##  ##     ## ##       ##     ##  ##   ##  ##       ##
     ######    ##  ########  ######   ########  #########  ######  ######
     ##        ##  ##    ##  ##       ##     ## ##     ##       ## ##
     ##       #### ##     ## ######## ########  ##     ##  ######  ########

You're about to initialize a Firebase project in this directory:

  C:\Users\Pravin\Desktop\recipe\my-app

[info] 
=== Project Setup
[info] 
[info] First, let's associate this project directory with a Firebase project.
[info] You can create multiple project aliases by running firebase use --add, 
[info] but for now we'll just set up a default project.
[info] 
[debug] [2023-02-10T12:17:59.941Z] >>> [apiv2][query] GET https://firebase.googleapis.com/v1beta1/projects pageSize=100
[debug] [2023-02-10T12:18:01.165Z] <<< [apiv2][status] GET https://firebase.googleapis.com/v1beta1/projects 200
[debug] [2023-02-10T12:18:01.166Z] <<< [apiv2][body] GET https://firebase.googleapis.com/v1beta1/projects [omitted]
[info] i  Using project food-recipe-9e868 (Food recipe) 
[info] 
=== Hosting Setup
[info] 
[info] Your public directory is the folder (relative to your project directory) that
[info] will contain Hosting assets to be uploaded with firebase deploy. If you
[info] have a build process for your assets, use your build's output directory.
[info] 
[debug] [2023-02-10T12:18:30.673Z] >>> [apiv2][query] GET https://www.gstatic.com/firebasejs/releases.json [none]
[debug] [2023-02-10T12:18:30.965Z] <<< [apiv2][status] GET https://www.gstatic.com/firebasejs/releases.json 200
[debug] [2023-02-10T12:18:30.965Z] <<< [apiv2][body] GET https://www.gstatic.com/firebasejs/releases.json {"current":{"version":"9.17.1","browserURL":"https://www.gstatic.com/firebasejs/9.17.1/firebase.js","packageURL":"https://www.gstatic.com/firebasejs/9.17.1/firebase.tgz"},"live":{"version":"9.17","browserURL":"https://www.gstatic.com/firebasejs/live/9.17/firebase.js","packageURL":"https://www.gstatic.com/firebasejs/live/9.17/firebase.tgz"},"components":{"analytics":"https://www.gstatic.com/firebasejs/9.17.1/firebase-analytics.js","app":"https://www.gstatic.com/firebasejs/9.17.1/firebase-app.js","app-check":"https://www.gstatic.com/firebasejs/9.17.1/firebase-app-check.js","auth":"https://www.gstatic.com/firebasejs/9.17.1/firebase-auth.js","auth/cordova":"https://www.gstatic.com/firebasejs/9.17.1/firebase-auth/cordova.js","auth/react-native":"https://www.gstatic.com/firebasejs/9.17.1/firebase-auth/react-native.js","functions":"https://www.gstatic.com/firebasejs/9.17.1/firebase-functions.js","firestore":"https://www.gstatic.com/firebasejs/9.17.1/firebase-firestore.js","firestore/lite":"https://www.gstatic.com/firebasejs/9.17.1/firebase-firestore/lite.js","installations":"https://www.gstatic.com/firebasejs/9.17.1/firebase-installations.js","storage":"https://www.gstatic.com/firebasejs/9.17.1/firebase-storage.js","performance":"https://www.gstatic.com/firebasejs/9.17.1/firebase-performance.js","remote-config":"https://www.gstatic.com/firebasejs/9.17.1/firebase-remote-config.js","messaging":"https://www.gstatic.com/firebasejs/9.17.1/firebase-messaging.js","messaging/sw":"https://www.gstatic.com/firebasejs/9.17.1/firebase-messaging/sw.js","database":"https://www.gstatic.com/firebasejs/9.17.1/firebase-database.js","firestore.memory":"https://www.gstatic.com/firebasejs/9.17.1/firebase-firestore.memory.js"}}
[info] +  Wrote Y/index.html 
[info] 
[info] i  Detected a .git folder at C:\Users\Pravin\Desktop\recipe\my-app 
[info] i  Authorizing with GitHub to upload your service account to a GitHub repository's secrets store. 
[info] 
[info] Visit this URL on this device to log in:
[info] https://github.com/login/oauth/authorize?client_id=89cf50f02ac6aaed3484&state=250134154&redirect_uri=http%3A%2F%2Flocalhost%3A9005&scope=read%3Auser%20repo%20public_repo
[info] 
[info] Waiting for authentication...
[debug] [2023-02-10T12:18:37.413Z] >>> [apiv2][query] POST https://github.com/login/oauth/access_token [none]
[debug] [2023-02-10T12:18:37.413Z] >>> [apiv2][body] POST https://github.com/login/oauth/access_token [stream]
[debug] [2023-02-10T12:18:38.091Z] <<< [apiv2][status] POST https://github.com/login/oauth/access_token 200
[debug] [2023-02-10T12:18:38.091Z] <<< [apiv2][body] POST https://github.com/login/oauth/access_token {"access_token":"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","token_type":"bearer","scope":"read:user,repo"}
[debug] [2023-02-10T12:18:38.131Z] >>> [apiv2][query] GET https://api.github.com/user [none]
[debug] [2023-02-10T12:18:38.722Z] <<< [apiv2][status] GET https://api.github.com/user 200
[debug] [2023-02-10T12:18:38.723Z] <<< [apiv2][body] GET https://api.github.com/user {"login":"pranayzalke","id":115355409,"node_id":"U_kgDOBuAvEQ","avatar_url":"https://avatars.githubusercontent.com/u/115355409?v=4","gravatar_id":"","url":"https://api.github.com/users/pranayzalke","html_url":"https://github.com/pranayzalke","followers_url":"https://api.github.com/users/pranayzalke/followers","following_url":"https://api.github.com/users/pranayzalke/following{/other_user}","gists_url":"https://api.github.com/users/pranayzalke/gists{/gist_id}","starred_url":"https://api.github.com/users/pranayzalke/starred{/owner}{/repo}","subscriptions_url":"https://api.github.com/users/pranayzalke/subscriptions","organizations_url":"https://api.github.com/users/pranayzalke/orgs","repos_url":"https://api.github.com/users/pranayzalke/repos","events_url":"https://api.github.com/users/pranayzalke/events{/privacy}","received_events_url":"https://api.github.com/users/pranayzalke/received_events","type":"User","site_admin":false,"name":"Pranay Zalke","company":null,"blog":"","location":"Bhandara , Maharashtra","email":null,"hireable":null,"bio":"Web developer","twitter_username":null,"public_repos":31,"public_gists":0,"followers":0,"following":1,"created_at":"2022-10-08T12:59:33Z","updated_at":"2023-01-02T10:19:44Z","private_gists":0,"total_private_repos":32,"owned_private_repos":32,"disk_usage":23778,"collaborators":0,"two_factor_authentication":false,"plan":{"name":"free","space":976562499,"collaborators":0,"private_repos":10000}}
[info] 
[info] +  Success! Logged into GitHub as pranayzalke 
[info] 
[debug] [2023-02-10T12:20:38.212Z] >>> [apiv2][query] GET https://api.github.com/repos/Food-Recipe-App/actions/secrets/public-key type=owner
[debug] [2023-02-10T12:20:39.164Z] <<< [apiv2][status] GET https://api.github.com/repos/Food-Recipe-App/actions/secrets/public-key 404
[debug] [2023-02-10T12:20:39.164Z] <<< [apiv2][body] GET https://api.github.com/repos/Food-Recipe-App/actions/secrets/public-key {"message":"Not Found","documentation_url":"https://docs.github.com/rest"}
[debug] [2023-02-10T12:20:46.332Z] >>> [apiv2][query] GET https://api.github.com/repos/Food-Recipe/actions/secrets/public-key type=owner
[debug] [2023-02-10T12:20:46.759Z] <<< [apiv2][status] GET https://api.github.com/repos/Food-Recipe/actions/secrets/public-key 404
[debug] [2023-02-10T12:20:46.760Z] <<< [apiv2][body] GET https://api.github.com/repos/Food-Recipe/actions/secrets/public-key {"message":"Not Found","documentation_url":"https://docs.github.com/rest"}
[debug] [2023-02-10T12:20:55.385Z] >>> [apiv2][query] GET https://api.github.com/repos/Food-Recipe-App/actions/secrets/public-key type=owner
[debug] [2023-02-10T12:20:55.822Z] <<< [apiv2][status] GET https://api.github.com/repos/Food-Recipe-App/actions/secrets/public-key 404
[debug] [2023-02-10T12:20:55.823Z] <<< [apiv2][body] GET https://api.github.com/repos/Food-Recipe-App/actions/secrets/public-key {"message":"Not Found","documentation_url":"https://docs.github.com/rest"}
[debug] [2023-02-10T12:20:56.761Z] >>> [apiv2][query] GET https://api.github.com/repos/Food-Recipe-App /actions/secrets/public-key type=owner
[debug] [2023-02-10T12:20:57.070Z] <<< [apiv2][status] GET https://api.github.com/repos/Food-Recipe-App /actions/secrets/public-key 404
[debug] [2023-02-10T12:20:57.070Z] <<< [apiv2][body] GET https://api.github.com/repos/Food-Recipe-App /actions/secrets/public-key {"message":"Not Found","documentation_url":"https://docs.github.com/rest"}
[debug] [2023-02-10T12:21:20.057Z] >>> [apiv2][query] GET https://api.github.com/repos//actions/secrets/public-key type=owner
[debug] [2023-02-10T12:21:20.532Z] <<< [apiv2][status] GET https://api.github.com/repos//actions/secrets/public-key 404
[debug] [2023-02-10T12:21:20.532Z] <<< [apiv2][body] GET https://api.github.com/repos//actions/secrets/public-key {"message":"Not Found","documentation_url":"https://docs.github.com/rest"}
[debug] [2023-02-10T12:21:20.544Z] >>> [apiv2][query] GET https://api.github.com/repos//actions/secrets/public-key type=owner
[debug] [2023-02-10T12:21:20.662Z] >>> [apiv2][query] GET https://api.github.com/repos//actions/secrets/public-key type=owner
[debug] [2023-02-10T12:21:20.803Z] >>> [apiv2][query] GET https://api.github.com/repos//actions/secrets/public-key type=owner
[debug] [2023-02-10T12:21:20.836Z] <<< [apiv2][status] GET https://api.github.com/repos//actions/secrets/public-key 404
[debug] [2023-02-10T12:21:20.836Z] <<< [apiv2][body] GET https://api.github.com/repos//actions/secrets/public-key {"message":"Not Found","documentation_url":"https://docs.github.com/rest"}
[debug] [2023-02-10T12:21:21.084Z] <<< [apiv2][status] GET https://api.github.com/repos//actions/secrets/public-key 404
[debug] [2023-02-10T12:21:21.085Z] <<< [apiv2][body] GET https://api.github.com/repos//actions/secrets/public-key {"message":"Not Found","documentation_url":"https://docs.github.com/rest"}
[debug] [2023-02-10T12:21:21.223Z] <<< [apiv2][status] GET https://api.github.com/repos//actions/secrets/public-key 404
[debug] [2023-02-10T12:21:21.223Z] <<< [apiv2][body] GET https://api.github.com/repos//actions/secrets/public-key {"message":"Not Found","documentation_url":"https://docs.github.com/rest"}
